[2016-01-25 14:46:20] local.INFO: array (
  0 => '167',
  1 => '483',
  2 => '4',
  3 => 
  array (
    0 => '',
    1 => '',
    2 => '',
    3 => '',
    4 => '',
    5 => '',
  ),
  4 => 
  array (
    0 => '',
    1 => '40',
    2 => '90',
    3 => '150',
    4 => '210',
    5 => '300',
  ),
  5 => 
  array (
    0 => '',
    1 => '70',
    2 => '110',
    3 => '170',
    4 => '270',
    5 => '320',
  ),
  6 => 
  array (
    0 => '',
    1 => '1',
    2 => '1',
    3 => '0',
    4 => '1',
    5 => '1',
  ),
  7 => 
  array (
    0 => '',
    1 => '1',
    2 => '1',
    3 => '0',
    4 => '1',
    5 => '0',
  ),
  8 => 
  array (
    0 => '',
    1 => '1',
    2 => '1',
    3 => '0',
    4 => '0',
    5 => '0',
  ),
  9 => 
  array (
    0 => '',
    1 => '0',
    2 => '0',
    3 => '1',
    4 => '0',
    5 => '1',
  ),
  10 => 
  array (
    0 => '',
    1 => 'NaN',
    2 => 'NaN',
    3 => 'NaN',
    4 => 'NaN',
    5 => 'NaN',
  ),
)  
[2016-01-25 15:34:13] local.INFO: array (
  0 => '214',
  1 => '527',
  2 => '2',
  3 => 
  array (
    0 => '',
    1 => '',
    2 => '',
    3 => '',
    4 => '',
    5 => '',
  ),
  4 => 
  array (
    0 => '',
    1 => '40',
    2 => '90',
    3 => '150',
    4 => '200',
    5 => '300',
  ),
  5 => 
  array (
    0 => '',
    1 => '60',
    2 => '135',
    3 => '120',
    4 => '260',
    5 => '240',
  ),
  6 => 
  array (
    0 => '',
    1 => '1',
    2 => '1',
    3 => '0',
    4 => '0',
    5 => '1',
  ),
  7 => 
  array (
    0 => '',
    1 => '1',
    2 => '1',
    3 => '0',
    4 => '0',
    5 => '1',
  ),
  8 => 
  array (
    0 => '',
    1 => '1',
    2 => '0',
    3 => '0',
    4 => '0',
    5 => '1',
  ),
  9 => 
  array (
    0 => '',
    1 => '0',
    2 => '0',
    3 => '1',
    4 => '1',
    5 => '0',
  ),
  10 => 
  array (
    0 => '',
    1 => 'NaN',
    2 => 'NaN',
    3 => 'NaN',
    4 => 'NaN',
    5 => 'NaN',
  ),
)  
[2016-01-25 16:56:22] local.INFO: array (
  0 => '180',
  1 => '530',
  2 => '0',
  3 => 
  array (
    0 => '',
    1 => '',
    2 => '',
    3 => '',
    4 => '',
    5 => '',
  ),
  4 => 
  array (
    0 => '',
    1 => '50',
    2 => '0',
    3 => '0',
    4 => '0',
    5 => '0',
  ),
  5 => 
  array (
    0 => '',
    1 => '60',
    2 => '',
    3 => '',
    4 => '',
    5 => '',
  ),
  6 => 
  array (
    0 => '',
    1 => '1',
    2 => '0',
    3 => '0',
    4 => '0',
    5 => '0',
  ),
  7 => 
  array (
    0 => '',
    1 => '1',
    2 => '0',
    3 => '0',
    4 => '0',
    5 => '0',
  ),
  8 => 
  array (
    0 => '',
    1 => '1',
    2 => '0',
    3 => '0',
    4 => '0',
    5 => '0',
  ),
  9 => 
  array (
    0 => '',
    1 => '0',
    2 => '0',
    3 => '0',
    4 => '0',
    5 => '0',
  ),
  10 => 
  array (
    0 => '',
    1 => 'NaN',
    2 => 'NaN',
    3 => 'NaN',
    4 => 'NaN',
    5 => 'NaN',
  ),
)  
[2016-01-25 19:20:50] local.INFO: array (
  0 => '50',
  1 => '50',
  2 => '0',
  3 => '0',
  4 => 
  array (
    0 => '',
    1 => '',
    2 => '',
    3 => '',
    4 => '',
    5 => '',
    6 => '',
    7 => '',
  ),
  5 => 
  array (
    0 => '',
    1 => '0',
    2 => '0',
    3 => '0',
    4 => '0',
    5 => '0',
    6 => '0',
    7 => '0',
  ),
  6 => 
  array (
    0 => '',
    1 => '',
    2 => '',
    3 => '',
    4 => '',
    5 => '',
    6 => '',
    7 => '',
  ),
  7 => 
  array (
    0 => '',
    1 => '0',
    2 => '0',
    3 => '0',
    4 => '0',
    5 => '0',
    6 => '0',
    7 => '0',
  ),
  8 => 
  array (
    0 => '',
    1 => '0',
    2 => '0',
    3 => '0',
    4 => '0',
    5 => '0',
    6 => '0',
    7 => '0',
  ),
  9 => 
  array (
    0 => '',
    1 => '0',
    2 => '0',
    3 => '0',
    4 => '0',
    5 => '0',
    6 => '0',
    7 => '0',
  ),
  10 => 
  array (
    0 => '',
    1 => '0',
    2 => '0',
    3 => '0',
    4 => '0',
    5 => '0',
    6 => '0',
    7 => '0',
  ),
  11 => 
  array (
    0 => '',
    1 => 'NaN',
    2 => 'NaN',
    3 => 'NaN',
    4 => 'NaN',
    5 => 'NaN',
    6 => 'NaN',
    7 => 'NaN',
  ),
)  
[2016-01-25 19:21:18] local.INFO: array (
  0 => '500',
  1 => '50',
  2 => '0',
  3 => '0',
  4 => 
  array (
    0 => '',
    1 => '',
    2 => '',
    3 => '',
    4 => '',
    5 => '',
    6 => '',
    7 => '',
  ),
  5 => 
  array (
    0 => '',
    1 => '0',
    2 => '0',
    3 => '0',
    4 => '0',
    5 => '0',
    6 => '0',
    7 => '0',
  ),
  6 => 
  array (
    0 => '',
    1 => '',
    2 => '',
    3 => '',
    4 => '',
    5 => '',
    6 => '',
    7 => '',
  ),
  7 => 
  array (
    0 => '',
    1 => '0',
    2 => '0',
    3 => '0',
    4 => '0',
    5 => '0',
    6 => '0',
    7 => '0',
  ),
  8 => 
  array (
    0 => '',
    1 => '0',
    2 => '0',
    3 => '0',
    4 => '0',
    5 => '0',
    6 => '0',
    7 => '0',
  ),
  9 => 
  array (
    0 => '',
    1 => '0',
    2 => '0',
    3 => '0',
    4 => '0',
    5 => '0',
    6 => '0',
    7 => '0',
  ),
  10 => 
  array (
    0 => '',
    1 => '0',
    2 => '0',
    3 => '0',
    4 => '0',
    5 => '0',
    6 => '0',
    7 => '0',
  ),
  11 => 
  array (
    0 => '',
    1 => 'NaN',
    2 => 'NaN',
    3 => 'NaN',
    4 => 'NaN',
    5 => 'NaN',
    6 => 'NaN',
    7 => 'NaN',
  ),
)  
[2016-01-25 19:25:34] local.INFO: array (
  0 => '800',
  1 => '90',
  2 => '730',
  3 => '2',
  4 => 
  array (
    0 => '',
    1 => '1',
    2 => '2',
    3 => '3',
    4 => '4',
    5 => '5',
    6 => '6',
    7 => '7',
  ),
  5 => 
  array (
    0 => '',
    1 => '50',
    2 => '90',
    3 => '150',
    4 => '200',
    5 => '300',
    6 => '500',
    7 => '500',
  ),
  6 => 
  array (
    0 => '',
    1 => '50',
    2 => '90',
    3 => '200',
    4 => '300',
    5 => '400',
    6 => '450',
    7 => '500',
  ),
  7 => 
  array (
    0 => '',
    1 => '1',
    2 => '0',
    3 => '1',
    4 => '0',
    5 => '1',
    6 => '1',
    7 => '1',
  ),
  8 => 
  array (
    0 => '',
    1 => '1',
    2 => '0',
    3 => '1',
    4 => '0',
    5 => '1',
    6 => '0',
    7 => '0',
  ),
  9 => 
  array (
    0 => '',
    1 => '1',
    2 => '0',
    3 => '1',
    4 => '0',
    5 => '0',
    6 => '0',
    7 => '0',
  ),
  10 => 
  array (
    0 => '',
    1 => '0',
    2 => '1',
    3 => '0',
    4 => '1',
    5 => '0',
    6 => '1',
    7 => '1',
  ),
  11 => 
  array (
    0 => '',
    1 => 'NaN',
    2 => 'NaN',
    3 => 'NaN',
    4 => 'NaN',
    5 => 'NaN',
    6 => 'NaN',
    7 => 'NaN',
  ),
)  
